<?xml version="1.0" encoding="UTF-8"?>
<!-- Generated by org.testng.reporters.JUnitReportReporter -->
<testsuite hostname="LAPTOP-EC1OOMMQ" failures="0" tests="2" name="Opportunities.excution1" time="63.011" errors="0" timestamp="2023-12-04T10:56:08 IST" skipped="0">
  <testcase classname="Opportunities.excution1" name="Swiggy" time="32.188"/>
  <testcase classname="Opportunities.excution1" name="Zomato" time="30.823"/>
</testsuite> <!-- Opportunities.excution1 -->
