<?xml version="1.0" encoding="UTF-8"?>
<!-- Generated by org.testng.reporters.JUnitReportReporter -->
<testsuite hostname="LAPTOP-EC1OOMMQ" failures="0" tests="1" name="Opportunities.Excelfiledata" time="0.479" errors="0" timestamp="2023-12-04T10:34:44 IST" skipped="0">
  <testcase classname="Opportunities.Excelfiledata" name="excelredatedata" time="0.479"/>
</testsuite> <!-- Opportunities.Excelfiledata -->
